Сборка начата 30.12.2016 19:24:42.
     1>Проект "C:\Users\username\Desktop\учеба\3 семестр\Третий семестр\Объектно-ориентированное программирование\laba\OpenGL_lab3.2\OpenGL.vcxproj" в узле 2 (целевые объекты Build).
     1>ClCompile:
         C:\Program Files (x86)\Microsoft Visual Studio 12.0\VC\bin\CL.exe /c /ZI /nologo /W3 /WX- /Od /Oy- /D WIN32 /D _WINDOWS /D _DEBUG /D _UNICODE /D UNICODE /D _AFXDLL /Gm /EHsc /RTC1 /MDd /GS /fp:precise /Zc:wchar_t /Zc:forScope /Yu"stdafx.h" /Fp"Debug\OpenGL.pch" /Fo"Debug\\" /Fd"Debug\vc120.pdb" /Gd /TP /analyze- /errorReport:prompt OpenGLView.cpp
         OpenGLView.cpp
     1>c:\users\username\desktop\учеба\3 семестр\третий семестр\объектно-ориентированное программирование\laba\opengl_lab3.2\openglview.cpp(61): warning C4018: <: несоответствие типов со знаком и без знака
     1>c:\users\username\desktop\учеба\3 семестр\третий семестр\объектно-ориентированное программирование\laba\opengl_lab3.2\openglview.cpp(73): warning C4018: <: несоответствие типов со знаком и без знака
     1>c:\users\username\desktop\учеба\3 семестр\третий семестр\объектно-ориентированное программирование\laba\opengl_lab3.2\openglview.cpp(85): warning C4018: <: несоответствие типов со знаком и без знака
     1>c:\users\username\desktop\учеба\3 семестр\третий семестр\объектно-ориентированное программирование\laba\opengl_lab3.2\openglview.cpp(97): warning C4018: <: несоответствие типов со знаком и без знака
     1>c:\users\username\desktop\учеба\3 семестр\третий семестр\объектно-ориентированное программирование\laba\opengl_lab3.2\openglview.cpp(109): warning C4018: <: несоответствие типов со знаком и без знака
     1>c:\users\username\desktop\учеба\3 семестр\третий семестр\объектно-ориентированное программирование\laba\opengl_lab3.2\openglview.cpp(120): warning C4018: <: несоответствие типов со знаком и без знака
     1>c:\users\username\desktop\учеба\3 семестр\третий семестр\объектно-ориентированное программирование\laba\opengl_lab3.2\openglview.cpp(134): warning C4018: <: несоответствие типов со знаком и без знака
     1>c:\users\username\desktop\учеба\3 семестр\третий семестр\объектно-ориентированное программирование\laba\opengl_lab3.2\openglview.cpp(144): warning C4018: <: несоответствие типов со знаком и без знака
     1>c:\users\username\desktop\учеба\3 семестр\третий семестр\объектно-ориентированное программирование\laba\opengl_lab3.2\openglview.cpp(157): warning C4018: <: несоответствие типов со знаком и без знака
     1>c:\users\username\desktop\учеба\3 семестр\третий семестр\объектно-ориентированное программирование\laba\opengl_lab3.2\openglview.cpp(174): warning C4018: <: несоответствие типов со знаком и без знака
       Link:
         C:\Program Files (x86)\Microsoft Visual Studio 12.0\VC\bin\link.exe /ERRORREPORT:PROMPT /OUT:"C:\Users\username\Desktop\учеба\3 семестр\Третий семестр\Объектно-ориентированное программирование\laba\OpenGL_lab3.2\Debug\OpenGL.exe" /INCREMENTAL /NOLOGO glaux.lib glew32s.lib glew32.lib opengl32.lib glut32.lib glu32.lib /MANIFEST /MANIFESTUAC:"level='asInvoker' uiAccess='false'" /manifest:embed /manifestinput:"C:\Program Files (x86)\Microsoft Visual Studio 12.0\VC\Include\Manifest\dpiaware.manifest" /DEBUG /PDB:"C:\Users\username\Desktop\учеба\3 семестр\Третий семестр\Объектно-ориентированное программирование\laba\OpenGL_lab3.2\Debug\OpenGL.pdb" /SUBSYSTEM:WINDOWS /TLBID:1 /ENTRY:"wWinMainCRTStartup" /DYNAMICBASE /NXCOMPAT /IMPLIB:"C:\Users\username\Desktop\учеба\3 семестр\Третий семестр\Объектно-ориентированное программирование\laba\OpenGL_lab3.2\Debug\OpenGL.lib" /MACHINE:X86 Debug\OpenGL.res
         Debug\Circle.obj
         Debug\Ellipsoid.obj
         Debug\Line.obj
         Debug\MainFrm.obj
         Debug\OpenGL.obj
         Debug\OpenGLDoc.obj
         Debug\OpenGLView.obj
         Debug\Quadrangle.obj
         Debug\Rhombus.obj
         Debug\stdafx.obj
         "Debug\ТFigure.obj"
         OpenGL.vcxproj -> C:\Users\username\Desktop\учеба\3 семестр\Третий семестр\Объектно-ориентированное программирование\laba\OpenGL_lab3.2\Debug\OpenGL.exe
     1>Сборка проекта "C:\Users\username\Desktop\учеба\3 семестр\Третий семестр\Объектно-ориентированное программирование\laba\OpenGL_lab3.2\OpenGL.vcxproj" завершена (целевые объекты Build).

Сборка успешно завершена.

Затраченное время: 00:00:00.82
