Сборка начата 17.02.2018 12:58:51.
     1>Проект "C:\Users\username\Desktop\учеба\3 семестр\Третий семестр\Объектно-ориентированное программирование\laba\OpenGL_lab1\OpenGL.vcxproj" в узле 2 (целевые объекты Build).
     1>ClCompile:
         C:\Program Files (x86)\Microsoft Visual Studio 12.0\VC\bin\CL.exe /c /ZI /nologo /W3 /WX- /Od /Oy- /D WIN32 /D _WINDOWS /D _DEBUG /D _UNICODE /D UNICODE /D _AFXDLL /Gm /EHsc /RTC1 /MDd /GS /fp:precise /Zc:wchar_t /Zc:forScope /Yc"stdafx.h" /Fp"Debug\OpenGL.pch" /Fo"Debug\\" /Fd"Debug\vc120.pdb" /Gd /TP /analyze- /errorReport:prompt stdafx.cpp
         stdafx.cpp
         Note: including lib: glut32.lib
         
         C:\Program Files (x86)\Microsoft Visual Studio 12.0\VC\bin\CL.exe /c /ZI /nologo /W3 /WX- /Od /Oy- /D WIN32 /D _WINDOWS /D _DEBUG /D _UNICODE /D UNICODE /D _AFXDLL /Gm /EHsc /RTC1 /MDd /GS /fp:precise /Zc:wchar_t /Zc:forScope /Yu"stdafx.h" /Fp"Debug\OpenGL.pch" /Fo"Debug\\" /Fd"Debug\vc120.pdb" /Gd /TP /analyze- /errorReport:prompt Circle.cpp Line.cpp MainFrm.cpp OpenGL.cpp OpenGLDoc.cpp OpenGLView.cpp
         Пропуск... (изменения не обнаружены)
         OpenGLView.cpp
         OpenGLDoc.cpp
         OpenGL.cpp
         MainFrm.cpp
         Line.cpp
         Circle.cpp
       Link:
         C:\Program Files (x86)\Microsoft Visual Studio 12.0\VC\bin\link.exe /ERRORREPORT:PROMPT /OUT:"C:\Users\username\Desktop\учеба\3 семестр\Третий семестр\Объектно-ориентированное программирование\laba\OpenGL_lab1\Debug\OpenGL.exe" /INCREMENTAL /NOLOGO glaux.lib glew32s.lib glew32.lib opengl32.lib glut32.lib glu32.lib /MANIFEST /MANIFESTUAC:"level='asInvoker' uiAccess='false'" /manifest:embed /manifestinput:"C:\Program Files (x86)\Microsoft Visual Studio 12.0\VC\Include\Manifest\dpiaware.manifest" /DEBUG /PDB:"C:\Users\username\Desktop\учеба\3 семестр\Третий семестр\Объектно-ориентированное программирование\laba\OpenGL_lab1\Debug\OpenGL.pdb" /SUBSYSTEM:WINDOWS /TLBID:1 /ENTRY:"wWinMainCRTStartup" /DYNAMICBASE /NXCOMPAT /IMPLIB:"C:\Users\username\Desktop\учеба\3 семестр\Третий семестр\Объектно-ориентированное программирование\laba\OpenGL_lab1\Debug\OpenGL.lib" /MACHINE:X86 Debug\OpenGL.res
         Debug\Circle.obj
         Debug\Line.obj
         Debug\MainFrm.obj
         Debug\OpenGL.obj
         Debug\OpenGLDoc.obj
         Debug\OpenGLView.obj
         Debug\stdafx.obj
         OpenGL.vcxproj -> C:\Users\username\Desktop\учеба\3 семестр\Третий семестр\Объектно-ориентированное программирование\laba\OpenGL_lab1\Debug\OpenGL.exe
     1>Сборка проекта "C:\Users\username\Desktop\учеба\3 семестр\Третий семестр\Объектно-ориентированное программирование\laba\OpenGL_lab1\OpenGL.vcxproj" завершена (целевые объекты Build).

Сборка успешно завершена.

Затраченное время: 00:00:07.38
