c:\users\username\desktop\учеба\3 семестр\третий семестр\объектно-ориентированное программирование\laba\opengl_lab2\debug\opengl.pch
c:\users\username\desktop\учеба\3 семестр\третий семестр\объектно-ориентированное программирование\laba\opengl_lab2\debug\vc120.pdb
c:\users\username\desktop\учеба\3 семестр\третий семестр\объектно-ориентированное программирование\laba\opengl_lab2\debug\vc120.idb
c:\users\username\desktop\учеба\3 семестр\третий семестр\объектно-ориентированное программирование\laba\opengl_lab2\debug\stdafx.obj
c:\users\username\desktop\учеба\3 семестр\третий семестр\объектно-ориентированное программирование\laba\opengl_lab2\debug\circle.obj
c:\users\username\desktop\учеба\3 семестр\третий семестр\объектно-ориентированное программирование\laba\opengl_lab2\debug\line.obj
c:\users\username\desktop\учеба\3 семестр\третий семестр\объектно-ориентированное программирование\laba\opengl_lab2\debug\mainfrm.obj
c:\users\username\desktop\учеба\3 семестр\третий семестр\объектно-ориентированное программирование\laba\opengl_lab2\debug\opengl.obj
c:\users\username\desktop\учеба\3 семестр\третий семестр\объектно-ориентированное программирование\laba\opengl_lab2\debug\opengldoc.obj
c:\users\username\desktop\учеба\3 семестр\третий семестр\объектно-ориентированное программирование\laba\opengl_lab2\debug\openglview.obj
c:\users\username\desktop\учеба\3 семестр\третий семестр\объектно-ориентированное программирование\laba\opengl_lab1\debug\opengl.pch
c:\users\username\desktop\учеба\3 семестр\третий семестр\объектно-ориентированное программирование\laba\opengl_lab1\debug\vc120.pdb
c:\users\username\desktop\учеба\3 семестр\третий семестр\объектно-ориентированное программирование\laba\opengl_lab1\debug\vc120.idb
c:\users\username\desktop\учеба\3 семестр\третий семестр\объектно-ориентированное программирование\laba\opengl_lab1\debug\stdafx.obj
c:\users\username\desktop\учеба\3 семестр\третий семестр\объектно-ориентированное программирование\laba\opengl_lab1\debug\circle.obj
c:\users\username\desktop\учеба\3 семестр\третий семестр\объектно-ориентированное программирование\laba\opengl_lab1\debug\line.obj
c:\users\username\desktop\учеба\3 семестр\третий семестр\объектно-ориентированное программирование\laba\opengl_lab1\debug\mainfrm.obj
c:\users\username\desktop\учеба\3 семестр\третий семестр\объектно-ориентированное программирование\laba\opengl_lab1\debug\opengl.obj
c:\users\username\desktop\учеба\3 семестр\третий семестр\объектно-ориентированное программирование\laba\opengl_lab1\debug\opengldoc.obj
c:\users\username\desktop\учеба\3 семестр\третий семестр\объектно-ориентированное программирование\laba\opengl_lab1\debug\openglview.obj
c:\users\username\desktop\учеба\3 семестр\третий семестр\объектно-ориентированное программирование\laba\opengl_lab2\debug\тfigure.obj
c:\users\username\desktop\учеба\3 семестр\третий семестр\объектно-ориентированное программирование\laba\opengl_lab2\debug\ellipse.obj
c:\users\username\desktop\учеба\3 семестр\третий семестр\объектно-ориентированное программирование\laba\opengl_lab1\debug\opengl.ilk
c:\users\username\desktop\учеба\3 семестр\третий семестр\объектно-ориентированное программирование\laba\opengl_lab1\debug\opengl.exe
c:\users\username\desktop\учеба\3 семестр\третий семестр\объектно-ориентированное программирование\laba\opengl_lab1\debug\opengl.pdb
c:\users\username\desktop\учеба\3 семестр\третий семестр\объектно-ориентированное программирование\laba\opengl_lab2\debug\opengl.ilk
c:\users\username\desktop\учеба\3 семестр\третий семестр\объектно-ориентированное программирование\laba\opengl_lab2\debug\opengl.exe
c:\users\username\desktop\учеба\3 семестр\третий семестр\объектно-ориентированное программирование\laba\opengl_lab2\debug\opengl.pdb
c:\users\username\desktop\учеба\3 семестр\третий семестр\объектно-ориентированное программирование\laba\opengl_lab2\debug\opengl.res
c:\users\username\desktop\учеба\3 семестр\третий семестр\объектно-ориентированное программирование\laba\opengl_lab1\debug\opengl.res
c:\users\username\desktop\учеба\3 семестр\третий семестр\объектно-ориентированное программирование\laba\opengl_lab2\debug\opengl.tlog\cl.command.1.tlog
c:\users\username\desktop\учеба\3 семестр\третий семестр\объектно-ориентированное программирование\laba\opengl_lab2\debug\opengl.tlog\cl.read.1.tlog
c:\users\username\desktop\учеба\3 семестр\третий семестр\объектно-ориентированное программирование\laba\opengl_lab2\debug\opengl.tlog\cl.write.1.tlog
c:\users\username\desktop\учеба\3 семестр\третий семестр\объектно-ориентированное программирование\laba\opengl_lab2\debug\opengl.tlog\link.command.1.tlog
c:\users\username\desktop\учеба\3 семестр\третий семестр\объектно-ориентированное программирование\laba\opengl_lab2\debug\opengl.tlog\link.read.1.tlog
c:\users\username\desktop\учеба\3 семестр\третий семестр\объектно-ориентированное программирование\laba\opengl_lab2\debug\opengl.tlog\link.write.1.tlog
c:\users\username\desktop\учеба\3 семестр\третий семестр\объектно-ориентированное программирование\laba\opengl_lab2\debug\opengl.tlog\rc.command.1.tlog
c:\users\username\desktop\учеба\3 семестр\третий семестр\объектно-ориентированное программирование\laba\opengl_lab2\debug\opengl.tlog\rc.read.1.tlog
c:\users\username\desktop\учеба\3 семестр\третий семестр\объектно-ориентированное программирование\laba\opengl_lab2\debug\opengl.tlog\rc.write.1.tlog
